mode: set
myproject/cmd/server/config/config.go:37.50,58.22 15 0
myproject/cmd/server/config/config.go:58.22,61.3 1 0
myproject/cmd/server/config/config.go:61.8,68.3 5 0
myproject/cmd/server/config/config.go:71.2,71.41 1 0
myproject/cmd/server/config/config.go:71.41,72.56 1 0
myproject/cmd/server/config/config.go:72.56,74.4 1 0
myproject/cmd/server/config/config.go:79.2,92.45 10 0
myproject/cmd/server/config/config.go:92.45,94.3 1 0
myproject/cmd/server/config/config.go:96.2,96.42 1 0
myproject/cmd/server/config/config.go:96.42,98.3 1 0
myproject/cmd/server/config/config.go:100.2,100.24 1 0
myproject/cmd/server/config/config.go:103.40,105.70 2 1
myproject/cmd/server/config/config.go:105.70,107.3 1 1
myproject/cmd/server/config/config.go:109.2,109.42 1 1
myproject/cmd/server/config/config.go:109.42,111.3 1 1
myproject/cmd/server/config/config.go:113.2,114.16 2 1
myproject/cmd/server/config/config.go:114.16,117.3 2 1
myproject/cmd/server/config/config.go:119.2,119.39 1 1
myproject/cmd/server/config/config.go:119.39,121.3 1 1
myproject/cmd/server/config/config.go:121.8,121.62 1 1
myproject/cmd/server/config/config.go:121.62,123.3 1 1
myproject/cmd/server/config/config.go:125.2,125.38 1 1
myproject/cmd/server/config/config.go:125.38,127.3 1 1
myproject/cmd/server/config/config.go:129.2,129.29 1 1
myproject/cmd/server/config/config.go:132.46,135.40 2 1
myproject/cmd/server/config/config.go:135.40,136.25 1 1
myproject/cmd/server/config/config.go:136.25,137.49 1 0
myproject/cmd/server/config/config.go:137.49,139.5 1 0
myproject/cmd/server/config/config.go:143.2,144.16 2 1
myproject/cmd/server/config/config.go:144.16,146.3 1 1
myproject/cmd/server/config/config.go:147.2,150.57 3 1
myproject/cmd/server/config/config.go:150.57,152.3 1 0
myproject/cmd/server/config/config.go:153.2,153.12 1 1
myproject/cmd/server/config/config.go:156.40,157.20 1 1
myproject/cmd/server/config/config.go:157.20,159.3 1 1
myproject/cmd/server/config/config.go:161.2,161.48 1 1
myproject/cmd/server/config/config.go:164.51,173.46 2 1
myproject/cmd/server/config/config.go:173.46,174.66 1 1
myproject/cmd/server/config/config.go:174.66,176.4 1 0
myproject/cmd/server/config/config.go:179.2,180.29 2 1
myproject/cmd/server/config/config.go:180.29,182.3 1 0
myproject/cmd/server/config/config.go:184.2,184.49 1 1
myproject/cmd/server/config/config.go:184.49,186.3 1 0
myproject/cmd/server/config/config.go:188.2,188.18 1 1
myproject/cmd/server/config/config.go:191.46,202.2 10 1
