mode: set
myproject/cmd/cli/cli.go:49.124,57.2 1 1
myproject/cmd/cli/cli.go:67.66,71.2 1 1
myproject/cmd/cli/cli.go:75.69,77.16 2 1
myproject/cmd/cli/cli.go:77.16,78.20 1 1
myproject/cmd/cli/cli.go:78.20,80.4 1 1
myproject/cmd/cli/cli.go:81.3,81.17 1 0
myproject/cmd/cli/cli.go:84.2,85.26 2 1
myproject/cmd/cli/cli.go:85.26,87.3 1 1
myproject/cmd/cli/cli.go:89.2,89.21 1 1
myproject/cmd/cli/cli.go:89.21,91.3 1 1
myproject/cmd/cli/cli.go:93.2,93.19 1 1
myproject/cmd/cli/cli.go:97.39,99.12 2 1
myproject/cmd/cli/cli.go:99.12,101.3 1 1
myproject/cmd/cli/cli.go:102.2,102.62 1 1
myproject/cmd/cli/cli.go:107.68,111.16 3 1
myproject/cmd/cli/cli.go:111.16,113.3 1 1
myproject/cmd/cli/cli.go:115.2,115.41 1 1
myproject/cmd/cli/cli.go:120.93,122.16 2 1
myproject/cmd/cli/cli.go:122.16,124.3 1 1
myproject/cmd/cli/cli.go:126.2,127.16 2 1
myproject/cmd/cli/cli.go:127.16,129.3 1 1
myproject/cmd/cli/cli.go:131.2,133.19 2 1
myproject/cmd/cli/cli.go:138.42,142.16 3 1
myproject/cmd/cli/cli.go:142.16,144.3 1 1
myproject/cmd/cli/cli.go:146.2,147.16 2 1
myproject/cmd/cli/cli.go:147.16,149.3 1 0
myproject/cmd/cli/cli.go:151.2,152.16 2 1
myproject/cmd/cli/cli.go:152.16,154.3 1 1
myproject/cmd/cli/cli.go:156.2,157.12 2 1
myproject/cmd/cli/cli.go:162.45,164.16 2 1
myproject/cmd/cli/cli.go:164.16,166.3 1 1
myproject/cmd/cli/cli.go:168.2,170.16 3 1
myproject/cmd/cli/cli.go:170.16,172.3 1 1
myproject/cmd/cli/cli.go:174.2,175.13 2 1
myproject/cmd/cli/cli.go:176.14,177.14 1 1
myproject/cmd/cli/cli.go:178.16,179.15 1 1
myproject/cmd/cli/cli.go:180.10,181.134 1 1
myproject/cmd/cli/cli.go:184.2,185.16 2 1
myproject/cmd/cli/cli.go:185.16,187.3 1 1
myproject/cmd/cli/cli.go:189.2,190.12 2 1
myproject/cmd/cli/cli.go:195.44,197.16 2 1
myproject/cmd/cli/cli.go:197.16,199.3 1 1
myproject/cmd/cli/cli.go:201.2,203.16 3 1
myproject/cmd/cli/cli.go:203.16,205.3 1 1
myproject/cmd/cli/cli.go:207.2,208.12 2 1
myproject/cmd/cli/cli.go:213.45,215.16 2 1
myproject/cmd/cli/cli.go:215.16,217.3 1 1
myproject/cmd/cli/cli.go:219.2,221.16 3 1
myproject/cmd/cli/cli.go:221.16,223.3 1 1
myproject/cmd/cli/cli.go:225.2,226.16 2 1
myproject/cmd/cli/cli.go:226.16,228.3 1 0
myproject/cmd/cli/cli.go:230.2,230.27 1 1
myproject/cmd/cli/cli.go:230.27,232.3 1 1
myproject/cmd/cli/cli.go:234.2,235.16 2 1
myproject/cmd/cli/cli.go:235.16,237.3 1 1
myproject/cmd/cli/cli.go:239.2,240.12 2 1
myproject/cmd/cli/cli.go:245.45,247.16 2 1
myproject/cmd/cli/cli.go:247.16,249.3 1 1
myproject/cmd/cli/cli.go:251.2,253.16 3 1
myproject/cmd/cli/cli.go:253.16,255.3 1 1
myproject/cmd/cli/cli.go:256.2,258.13 2 1
myproject/cmd/cli/cli.go:259.11,260.50 1 1
myproject/cmd/cli/cli.go:260.50,262.4 1 1
myproject/cmd/cli/cli.go:263.3,264.13 2 1
myproject/cmd/cli/cli.go:265.11,267.13 2 1
myproject/cmd/cli/cli.go:268.10,269.106 1 1
myproject/cmd/cli/cli.go:275.28,290.2 14 1
myproject/cmd/cli/cli.go:295.56,296.28 1 1
myproject/cmd/cli/cli.go:296.28,299.3 2 1
myproject/cmd/cli/cli.go:302.2,303.29 2 1
myproject/cmd/cli/cli.go:303.29,307.3 3 1
myproject/cmd/cli/cli.go:310.2,311.29 2 1
myproject/cmd/cli/cli.go:311.29,314.3 2 1
myproject/cmd/cli/cli.go:317.2,317.51 1 1
myproject/cmd/cli/cli.go:322.49,323.30 1 1
myproject/cmd/cli/cli.go:323.30,325.3 1 1
myproject/cmd/cli/cli.go:328.2,329.20 2 1
myproject/cmd/cli/cli.go:329.20,332.3 2 1
myproject/cmd/cli/cli.go:335.2,337.13 3 1
myproject/cmd/cli/cli.go:341.43,343.16 2 1
myproject/cmd/cli/cli.go:343.16,345.3 1 1
myproject/cmd/cli/cli.go:347.2,347.21 1 1
myproject/cmd/cli/cli.go:347.21,350.3 2 1
myproject/cmd/cli/cli.go:352.2,353.29 2 1
myproject/cmd/cli/cli.go:353.29,355.3 1 1
myproject/cmd/cli/cli.go:356.2,358.12 2 1
myproject/cmd/cli/cli.go:362.44,364.16 2 1
myproject/cmd/cli/cli.go:364.16,366.3 1 1
myproject/cmd/cli/cli.go:369.2,371.12 2 1
myproject/cmd/cli/cli.go:375.47,377.16 2 1
myproject/cmd/cli/cli.go:377.16,379.3 1 1
myproject/cmd/cli/cli.go:382.2,384.12 2 1
myproject/cmd/cli/cli.go:388.45,390.16 2 1
myproject/cmd/cli/cli.go:390.16,392.3 1 1
myproject/cmd/cli/cli.go:394.2,396.12 3 1
myproject/cmd/cli/cli.go:401.27,403.6 2 0
myproject/cmd/cli/cli.go:403.6,406.17 3 0
myproject/cmd/cli/cli.go:406.17,408.12 2 0
myproject/cmd/cli/cli.go:411.3,412.17 2 0
myproject/cmd/cli/cli.go:412.17,414.24 2 0
myproject/cmd/cli/cli.go:414.24,416.5 1 0
myproject/cmd/cli/cli.go:416.10,419.5 2 0
myproject/cmd/cli/cli.go:420.4,420.12 1 0
myproject/cmd/cli/cli.go:423.3,423.23 1 0
myproject/cmd/cli/cli.go:424.19,425.49 1 0
myproject/cmd/cli/cli.go:425.49,426.33 1 0
myproject/cmd/cli/cli.go:426.33,427.14 1 0
myproject/cmd/cli/cli.go:429.5,429.46 1 0
myproject/cmd/cli/cli.go:432.22,433.52 1 0
myproject/cmd/cli/cli.go:433.52,434.33 1 0
myproject/cmd/cli/cli.go:434.33,435.14 1 0
myproject/cmd/cli/cli.go:437.5,437.49 1 0
myproject/cmd/cli/cli.go:440.20,441.50 1 0
myproject/cmd/cli/cli.go:441.50,442.33 1 0
myproject/cmd/cli/cli.go:442.33,443.14 1 0
myproject/cmd/cli/cli.go:445.5,445.47 1 0
myproject/cmd/cli/cli.go:448.23,449.84 1 0
myproject/cmd/cli/cli.go:451.21,452.51 1 0
myproject/cmd/cli/cli.go:452.51,453.33 1 0
myproject/cmd/cli/cli.go:453.33,454.14 1 0
myproject/cmd/cli/cli.go:456.5,456.48 1 0
myproject/cmd/cli/cli.go:459.22,460.52 1 0
myproject/cmd/cli/cli.go:460.52,461.33 1 0
myproject/cmd/cli/cli.go:461.33,462.14 1 0
myproject/cmd/cli/cli.go:464.5,464.49 1 0
myproject/cmd/cli/cli.go:467.20,468.18 1 0
myproject/cmd/cli/cli.go:470.20,472.10 2 0
myproject/cmd/cli/cli.go:474.22,475.52 1 0
myproject/cmd/cli/cli.go:475.52,476.33 1 0
myproject/cmd/cli/cli.go:476.33,477.14 1 0
myproject/cmd/cli/cli.go:479.5,479.49 1 0
myproject/cmd/cli/cli.go:482.21,483.51 1 0
myproject/cmd/cli/cli.go:483.51,485.5 1 0
myproject/cmd/cli/cli.go:487.24,488.54 1 0
myproject/cmd/cli/cli.go:488.54,490.5 1 0
myproject/cmd/cli/cli.go:492.22,493.52 1 0
myproject/cmd/cli/cli.go:493.52,495.5 1 0
myproject/cmd/cli/cli.go:496.4,496.10 1 0
myproject/cmd/cli/config.go:16.36,19.21 2 1
myproject/cmd/cli/config.go:19.21,21.3 1 1
myproject/cmd/cli/config.go:23.2,28.42 2 1
myproject/cmd/cli/config.go:28.42,30.3 1 1
myproject/cmd/cli/config.go:32.2,32.20 1 1
myproject/cmd/cli/config.go:36.35,38.49 1 1
myproject/cmd/cli/config.go:38.49,40.3 1 1
myproject/cmd/cli/config.go:42.2,42.12 1 1
myproject/cmd/cli/config.go:46.39,47.18 1 1
myproject/cmd/cli/config.go:47.18,49.3 1 1
myproject/cmd/cli/config.go:52.2,53.16 2 1
myproject/cmd/cli/config.go:53.16,55.3 1 0
myproject/cmd/cli/config.go:58.2,59.43 2 1
myproject/cmd/cli/config.go:59.43,61.3 1 1
myproject/cmd/cli/config.go:64.2,64.26 1 1
myproject/cmd/cli/config.go:64.26,66.3 1 1
myproject/cmd/cli/config.go:68.2,68.12 1 1
myproject/cmd/cli/main.go:38.35,39.38 1 1
myproject/cmd/cli/main.go:39.38,40.19 1 1
myproject/cmd/cli/main.go:40.19,42.4 1 1
myproject/cmd/cli/main.go:44.2,44.14 1 1
myproject/cmd/cli/main.go:50.53,53.19 3 1
myproject/cmd/cli/main.go:53.19,55.3 1 1
myproject/cmd/cli/main.go:56.2,56.30 1 1
myproject/cmd/cli/main.go:62.43,63.36 1 1
myproject/cmd/cli/main.go:63.36,64.44 1 1
myproject/cmd/cli/main.go:64.44,66.4 1 1
myproject/cmd/cli/main.go:68.2,68.11 1 1
myproject/cmd/cli/main.go:71.13,74.16 2 0
myproject/cmd/cli/main.go:74.16,76.3 1 0
myproject/cmd/cli/main.go:79.2,95.16 7 0
myproject/cmd/cli/main.go:95.16,99.3 2 0
myproject/cmd/cli/main.go:102.2,114.15 3 0
